This is pdfTeX, Version 3.1415926-1.40.11 (TeX Live 2010) (format=pdflatex 2010.7.21)  20 OCT 2011 08:14
entering extended mode
 \write18 enabled.
 file:line:error style messages enabled.
 %&-line parsing enabled.
**WuT_seminar_HS2011.tex
(./WuT_seminar_HS2011.tex
LaTeX2e <2009/09/24>
Babel <v3.8l> and hyphenation patterns for english, dumylang, nohyphenation, ge
rman-x-2009-06-19, ngerman-x-2009-06-19, ancientgreek, ibycus, arabic, armenian
, basque, bulgarian, catalan, pinyin, coptic, croatian, czech, danish, dutch, u
kenglish, usenglishmax, esperanto, estonian, farsi, finnish, french, galician, 
german, ngerman, swissgerman, monogreek, greek, hungarian, icelandic, assamese,
 bengali, gujarati, hindi, kannada, malayalam, marathi, oriya, panjabi, tamil, 
telugu, indonesian, interlingua, irish, italian, kurmanji, lao, latin, latvian,
 lithuanian, mongolian, mongolianlmc, bokmal, nynorsk, polish, portuguese, roma
nian, russian, sanskrit, serbian, slovak, slovenian, spanish, swedish, turkish,
 turkmen, ukrainian, uppersorbian, welsh, loaded.
(/usr/local/texlive/2010/texmf-dist/tex/latex/base/article.cls
Document Class: article 2007/10/19 v1.4h Standard LaTeX document class
(/usr/local/texlive/2010/texmf-dist/tex/latex/base/size12.clo
File: size12.clo 2007/10/19 v1.4h Standard LaTeX file (size option)
)
\c@part=\count79
\c@section=\count80
\c@subsection=\count81
\c@subsubsection=\count82
\c@paragraph=\count83
\c@subparagraph=\count84
\c@figure=\count85
\c@table=\count86
\abovecaptionskip=\skip41
\belowcaptionskip=\skip42
\bibindent=\dimen102
)
(/usr/local/texlive/2010/texmf-dist/tex/latex/geometry/geometry.sty
Package: geometry 2010/07/13 v5.5 Page Geometry

(/usr/local/texlive/2010/texmf-dist/tex/latex/graphics/keyval.sty
Package: keyval 1999/03/16 v1.13 key=value parser (DPC)
\KV@toks@=\toks14
)
(/usr/local/texlive/2010/texmf-dist/tex/generic/oberdiek/ifpdf.sty
Package: ifpdf 2010/01/28 v2.1 Provides the ifpdf switch (HO)
Package ifpdf Info: pdfTeX in pdf mode detected.
)
(/usr/local/texlive/2010/texmf-dist/tex/generic/oberdiek/ifvtex.sty
Package: ifvtex 2010/03/01 v1.5 Switches for detecting VTeX and its modes (HO)
Package ifvtex Info: VTeX not detected.
)
\Gm@cnth=\count87
\Gm@cntv=\count88
\c@Gm@tempcnt=\count89
\Gm@bindingoffset=\dimen103
\Gm@wd@mp=\dimen104
\Gm@odd@mp=\dimen105
\Gm@even@mp=\dimen106
\Gm@layoutwidth=\dimen107
\Gm@layoutheight=\dimen108
\Gm@layouthoffset=\dimen109
\Gm@layoutvoffset=\dimen110
\Gm@dimlist=\toks15
)
(/usr/local/texlive/2010/texmf-dist/tex/latex/psnfss/mathpazo.sty
Package: mathpazo 2005/04/12 PSNFSS-v9.2a Palatino w/ Pazo Math (D.Puga, WaS) 
\symupright=\mathgroup4
)
(/usr/local/texlive/2010/texmf-dist/tex/latex/booktabs/booktabs.sty
Package: booktabs 2005/04/14 v1.61803 publication quality tables
\heavyrulewidth=\dimen111
\lightrulewidth=\dimen112
\cmidrulewidth=\dimen113
\belowrulesep=\dimen114
\belowbottomsep=\dimen115
\aboverulesep=\dimen116
\abovetopsep=\dimen117
\cmidrulesep=\dimen118
\cmidrulekern=\dimen119
\defaultaddspace=\dimen120
\@cmidla=\count90
\@cmidlb=\count91
\@aboverulesep=\dimen121
\@belowrulesep=\dimen122
\@thisruleclass=\count92
\@lastruleclass=\count93
\@thisrulewidth=\dimen123
)
(./WuT_seminar_HS2011.aux)
\openout1 = `WuT_seminar_HS2011.aux'.

LaTeX Font Info:    Checking defaults for OML/cmm/m/it on input line 8.
LaTeX Font Info:    ... okay on input line 8.
LaTeX Font Info:    Checking defaults for T1/cmr/m/n on input line 8.
LaTeX Font Info:    ... okay on input line 8.
LaTeX Font Info:    Checking defaults for OT1/cmr/m/n on input line 8.
LaTeX Font Info:    ... okay on input line 8.
LaTeX Font Info:    Checking defaults for OMS/cmsy/m/n on input line 8.
LaTeX Font Info:    ... okay on input line 8.
LaTeX Font Info:    Checking defaults for OMX/cmex/m/n on input line 8.
LaTeX Font Info:    ... okay on input line 8.
LaTeX Font Info:    Checking defaults for U/cmr/m/n on input line 8.
LaTeX Font Info:    ... okay on input line 8.
LaTeX Font Info:    Try loading font information for OT1+pplx on input line 8.

(/usr/local/texlive/2010/texmf-dist/tex/latex/psnfss/ot1pplx.fd
File: ot1pplx.fd 2004/09/06 font definitions for OT1/pplx.
)
*geometry* driver: auto-detecting
*geometry* detected driver: pdftex
*geometry* verbose mode - [ preamble ] result:
* driver: pdftex
* paper: a4paper
* layout: <same size as paper>
* layoutoffset:(h,v)=(0.0pt,0.0pt)
* modes: 
* h-part:(L,W,R)=(34.14322pt, 529.22144pt, 34.14322pt)
* v-part:(T,H,B)=(34.14322pt, 776.7604pt, 34.14322pt)
* \paperwidth=597.50787pt
* \paperheight=845.04684pt
* \textwidth=529.22144pt
* \textheight=776.7604pt
* \oddsidemargin=-38.12677pt
* \evensidemargin=-38.12677pt
* \topmargin=-75.12677pt
* \headheight=12.0pt
* \headsep=25.0pt
* \topskip=12.0pt
* \footskip=30.0pt
* \marginparwidth=44.0pt
* \marginparsep=10.0pt
* \columnsep=10.0pt
* \skip\footins=10.8pt plus 4.0pt minus 2.0pt
* \hoffset=0.0pt
* \voffset=0.0pt
* \mag=1000
* \@twocolumnfalse
* \@twosidefalse
* \@mparswitchfalse
* \@reversemarginfalse
* (1in=72.27pt=25.4mm, 1cm=28.453pt)

\big@size=\dimen124
LaTeX Font Info:    Font shape `OT1/pplx/bx/n' in size <24.88> not available
(Font)              Font shape `OT1/pplx/b/n' tried instead on input line 11.
LaTeX Font Info:    Try loading font information for OML+zplm on input line 16.

(/usr/local/texlive/2010/texmf-dist/tex/latex/psnfss/omlzplm.fd
File: omlzplm.fd 2002/09/08 Fontinst v1.914 font definitions for OML/zplm.
)
LaTeX Font Info:    Try loading font information for OMS+zplm on input line 16.


(/usr/local/texlive/2010/texmf-dist/tex/latex/psnfss/omszplm.fd
File: omszplm.fd 2002/09/08 Fontinst v1.914 font definitions for OMS/zplm.
)
LaTeX Font Info:    Try loading font information for OMX+zplm on input line 16.


(/usr/local/texlive/2010/texmf-dist/tex/latex/psnfss/omxzplm.fd
File: omxzplm.fd 2002/09/08 Fontinst v1.914 font definitions for OMX/zplm.
)
LaTeX Font Info:    Try loading font information for OT1+zplm on input line 16.


(/usr/local/texlive/2010/texmf-dist/tex/latex/psnfss/ot1zplm.fd
File: ot1zplm.fd 2002/09/08 Fontinst v1.914 font definitions for OT1/zplm.
)
Underfull \hbox (badness 5245) in paragraph at lines 20--21
[]\OT1/pplx/m/n/14.4 Investigation of ground-water/surface-
 []


Underfull \hbox (badness 10000) in paragraph at lines 21--22
[]\OT1/pplx/m/n/14.4 BU--B18
 []


Underfull \hbox (badness 10000) in paragraph at lines 26--27
[]\OT1/pplx/m/n/14.4 BU--B18
 []


Underfull \hbox (badness 10000) in paragraph at lines 36--37
[]\OT1/pplx/m/n/14.4 BU--B18
 []


Underfull \hbox (badness 10000) in paragraph at lines 39--40
[][]\OT1/pplx/m/n/14.4 ,
 []


Underfull \hbox (badness 10000) in paragraph at lines 41--42
[]\OT1/pplx/m/n/14.4 BU--B18
 []


Underfull \hbox (badness 2521) in paragraph at lines 45--46
[]\OT1/pplx/m/n/14.4 Behavior of ground-wa-ter in frac-tured
 []


Underfull \hbox (badness 10000) in paragraph at lines 46--47
[]\OT1/pplx/m/n/14.4 BU--B18
 []


Underfull \hbox (badness 10000) in paragraph at lines 51--52
[]\OT1/pplx/m/n/14.4 BU--B18
 []


Underfull \hbox (badness 10000) in paragraph at lines 56--57
[]\OT1/pplx/m/n/14.4 BU--B18
 []


Underfull \hbox (badness 10000) in paragraph at lines 61--62
[]\OT1/pplx/m/n/14.4 BU--B18
 []


Underfull \hbox (badness 10000) in paragraph at lines 66--67
[]\OT1/pplx/m/n/14.4 BU--B18
 []


Underfull \hbox (badness 10000) in paragraph at lines 71--72
[]\OT1/pplx/m/n/14.4 BU--B18
 []


Underfull \hbox (badness 10000) in paragraph at lines 76--77
[]\OT1/pplx/m/n/14.4 BU--B18
 []


Underfull \hbox (badness 10000) in paragraph at lines 81--82
[]\OT1/pplx/m/n/14.4 BU--B18
 []


Overfull \hbox (4.6794pt too wide) in paragraph at lines 16--89
 [][] 
 []

[1

{/usr/local/texlive/2010/texmf-var/fonts/map/pdftex/updmap/pdftex.map}]
(./WuT_seminar_HS2011.aux) ) 
Here is how much of TeX's memory you used:
 942 strings out of 493747
 13138 string characters out of 3143546
 69730 words of memory out of 3000000
 4265 multiletter control sequences out of 15000+200000
 16597 words of font info for 44 fonts, out of 3000000 for 9000
 714 hyphenation exceptions out of 8191
 24i,10n,32p,263b,126s stack positions out of 5000i,500n,10000p,200000b,50000s
{/usr/local/texlive/2010/texmf-dist/fonts/enc/dvips
/base/8r.enc}</usr/local/texlive/2010/texmf-dist/fonts/type1/urw/palatino/uplb8
a.pfb></usr/local/texlive/2010/texmf-dist/fonts/type1/urw/palatino/uplr8a.pfb>
Output written on WuT_seminar_HS2011.pdf (1 page, 35668 bytes).
PDF statistics:
 17 PDF objects out of 1000 (max. 8388607)
 11 compressed objects within 1 object stream
 0 named destinations out of 1000 (max. 500000)
 1 words of extra memory for PDF output out of 10000 (max. 10000000)

