This is pdfTeX, Version 3.141592653-2.6-1.40.22 (TeX Live 2022/dev/Debian) (preloaded format=pdflatex 2021.10.7)  10 NOV 2021 09:38
entering extended mode
 restricted \write18 enabled.
 %&-line parsing enabled.
**WuT_seminar_HeSe2021.tex
(./WuT_seminar_HeSe2021.tex
LaTeX2e <2021-06-01> patch level 1
L3 programming layer <2021-08-27>
(/usr/share/texlive/texmf-dist/tex/latex/base/article.cls
Document Class: article 2021/02/12 v1.4n Standard LaTeX document class
(/usr/share/texlive/texmf-dist/tex/latex/base/size12.clo
File: size12.clo 2021/02/12 v1.4n Standard LaTeX file (size option)
)
\c@part=\count182
\c@section=\count183
\c@subsection=\count184
\c@subsubsection=\count185
\c@paragraph=\count186
\c@subparagraph=\count187
\c@figure=\count188
\c@table=\count189
\abovecaptionskip=\skip47
\belowcaptionskip=\skip48
\bibindent=\dimen138
)
(/usr/share/texlive/texmf-dist/tex/latex/geometry/geometry.sty
Package: geometry 2020/01/02 v5.9 Page Geometry

(/usr/share/texlive/texmf-dist/tex/latex/graphics/keyval.sty
Package: keyval 2014/10/28 v1.15 key=value parser (DPC)
\KV@toks@=\toks16
)
(/usr/share/texlive/texmf-dist/tex/generic/iftex/ifvtex.sty
Package: ifvtex 2019/10/25 v1.7 ifvtex legacy package. Use iftex instead.

(/usr/share/texlive/texmf-dist/tex/generic/iftex/iftex.sty
Package: iftex 2020/03/06 v1.0d TeX engine tests
))
\Gm@cnth=\count190
\Gm@cntv=\count191
\c@Gm@tempcnt=\count192
\Gm@bindingoffset=\dimen139
\Gm@wd@mp=\dimen140
\Gm@odd@mp=\dimen141
\Gm@even@mp=\dimen142
\Gm@layoutwidth=\dimen143
\Gm@layoutheight=\dimen144
\Gm@layouthoffset=\dimen145
\Gm@layoutvoffset=\dimen146
\Gm@dimlist=\toks17
)
(/usr/share/texlive/texmf-dist/tex/latex/psnfss/mathpazo.sty
Package: mathpazo 2020/03/25 PSNFSS-v9.3 Palatino w/ Pazo Math (D.Puga, WaS) 
\symupright=\mathgroup4
)
(/usr/share/texlive/texmf-dist/tex/latex/booktabs/booktabs.sty
Package: booktabs 2020/01/12 v1.61803398 Publication quality tables
\heavyrulewidth=\dimen147
\lightrulewidth=\dimen148
\cmidrulewidth=\dimen149
\belowrulesep=\dimen150
\belowbottomsep=\dimen151
\aboverulesep=\dimen152
\abovetopsep=\dimen153
\cmidrulesep=\dimen154
\cmidrulekern=\dimen155
\defaultaddspace=\dimen156
\@cmidla=\count193
\@cmidlb=\count194
\@aboverulesep=\dimen157
\@belowrulesep=\dimen158
\@thisruleclass=\count195
\@lastruleclass=\count196
\@thisrulewidth=\dimen159
)
(/usr/share/texlive/texmf-dist/tex/latex/hyphenat/hyphenat.sty
Package: hyphenat 2009/09/02 v2.3c hyphenation utilities
\langwohyphens=\language87
LaTeX Info: Redefining \_ on input line 43.
)
LaTeX Font Info:    Trying to load font information for OT1+pplx on input line 
10.

(/usr/share/texlive/texmf-dist/tex/latex/psnfss/ot1pplx.fd
File: ot1pplx.fd 2004/09/06 font definitions for OT1/pplx.
)
(/usr/share/texlive/texmf-dist/tex/latex/l3backend/l3backend-pdftex.def
File: l3backend-pdftex.def 2021-08-04 L3 backend support: PDF output (pdfTeX)
\l__color_backend_stack_int=\count197
\l__pdf_internal_box=\box50
)
(./WuT_seminar_HeSe2021.aux)
\openout1 = `WuT_seminar_HeSe2021.aux'.

LaTeX Font Info:    Checking defaults for OML/cmm/m/it on input line 10.
LaTeX Font Info:    ... okay on input line 10.
LaTeX Font Info:    Checking defaults for OMS/cmsy/m/n on input line 10.
LaTeX Font Info:    ... okay on input line 10.
LaTeX Font Info:    Checking defaults for OT1/cmr/m/n on input line 10.
LaTeX Font Info:    ... okay on input line 10.
LaTeX Font Info:    Checking defaults for T1/cmr/m/n on input line 10.
LaTeX Font Info:    ... okay on input line 10.
LaTeX Font Info:    Checking defaults for TS1/cmr/m/n on input line 10.
LaTeX Font Info:    ... okay on input line 10.
LaTeX Font Info:    Checking defaults for OMX/cmex/m/n on input line 10.
LaTeX Font Info:    ... okay on input line 10.
LaTeX Font Info:    Checking defaults for U/cmr/m/n on input line 10.
LaTeX Font Info:    ... okay on input line 10.

*geometry* driver: auto-detecting
*geometry* detected driver: pdftex
*geometry* verbose mode - [ preamble ] result:
* driver: pdftex
* paper: a4paper
* layout: <same size as paper>
* layoutoffset:(h,v)=(0.0pt,0.0pt)
* modes: 
* h-part:(L,W,R)=(34.14322pt, 529.22144pt, 34.14322pt)
* v-part:(T,H,B)=(34.14322pt, 776.7604pt, 34.14322pt)
* \paperwidth=597.50787pt
* \paperheight=845.04684pt
* \textwidth=529.22144pt
* \textheight=776.7604pt
* \oddsidemargin=-38.12677pt
* \evensidemargin=-38.12677pt
* \topmargin=-75.12677pt
* \headheight=12.0pt
* \headsep=25.0pt
* \topskip=12.0pt
* \footskip=30.0pt
* \marginparwidth=44.0pt
* \marginparsep=10.0pt
* \columnsep=10.0pt
* \skip\footins=10.8pt plus 4.0pt minus 2.0pt
* \hoffset=0.0pt
* \voffset=0.0pt
* \mag=1000
* \@twocolumnfalse
* \@twosidefalse
* \@mparswitchfalse
* \@reversemarginfalse
* (1in=72.27pt=25.4mm, 1cm=28.453pt)

\big@size=\dimen160
LaTeX Font Info:    Trying to load font information for OML+zplm on input line 
18.
(/usr/share/texlive/texmf-dist/tex/latex/psnfss/omlzplm.fd
File: omlzplm.fd 2002/09/08 Fontinst v1.914 font definitions for OML/zplm.
)
LaTeX Font Info:    Trying to load font information for OMS+zplm on input line 
18.

(/usr/share/texlive/texmf-dist/tex/latex/psnfss/omszplm.fd
File: omszplm.fd 2002/09/08 Fontinst v1.914 font definitions for OMS/zplm.
)
LaTeX Font Info:    Trying to load font information for OMX+zplm on input line 
18.

(/usr/share/texlive/texmf-dist/tex/latex/psnfss/omxzplm.fd
File: omxzplm.fd 2002/09/08 Fontinst v1.914 font definitions for OMX/zplm.
)
LaTeX Font Info:    Trying to load font information for OT1+zplm on input line 
18.

(/usr/share/texlive/texmf-dist/tex/latex/psnfss/ot1zplm.fd
File: ot1zplm.fd 2002/09/08 Fontinst v1.914 font definitions for OT1/zplm.
)
Underfull \hbox (badness 10000) in paragraph at lines 23--24
[]\OT1/pplx/m/n/12 Zoom
 []


Underfull \hbox (badness 10000) in paragraph at lines 27--29
[]\OT1/pplx/m/n/12 Preventing cal-cite pre-cip-i-ta-tion in deep
 []


Underfull \hbox (badness 1845) in paragraph at lines 27--29
\OT1/pplx/m/n/12 geother-mal en-ergy wells and power plants
 []


Underfull \hbox (badness 10000) in paragraph at lines 29--30
[]\OT1/pplx/m/n/12 Zoom
 []


Underfull \hbox (badness 10000) in paragraph at lines 35--36
[]\OT1/pplx/m/n/12 Zoom
 []


Underfull \hbox (badness 10000) in paragraph at lines 38--39
[]\OT1/pplx/m/n/12 Stephanie
 []


Underfull \hbox (badness 10000) in paragraph at lines 41--42
[]\OT1/pplx/m/n/12 Zoom
 []


Underfull \hbox (badness 10000) in paragraph at lines 44--45
[]\OT1/pplx/m/n/12 Christian
 []


Underfull \hbox (badness 3646) in paragraph at lines 45--47
[]\OT1/pplx/m/n/12 Simulating DNAPL source zone for-ma-tion
 []


Underfull \hbox (badness 10000) in paragraph at lines 47--48
[]\OT1/pplx/m/n/12 Zoom
 []


Underfull \hbox (badness 1033) in paragraph at lines 51--53
[]\OT1/pplx/m/n/12 Role of bromine rad-i-cal species in bro-mate
 []


Underfull \hbox (badness 10000) in paragraph at lines 53--54
[]\OT1/pplx/m/n/12 Zoom
 []


Underfull \hbox (badness 10000) in paragraph at lines 57--59
[]\OT1/pplx/m/n/12 Simulating DOM with small scav-enger
 []


Underfull \hbox (badness 7030) in paragraph at lines 57--59
\OT1/pplx/m/n/12 molecules for re-al-is-tic aque-ous ozona-tion
 []


Underfull \hbox (badness 10000) in paragraph at lines 59--60
[]\OT1/pplx/m/n/12 Zoom
 []


Underfull \hbox (badness 10000) in paragraph at lines 65--66
[]\OT1/pplx/m/n/12 Zoom
 []


Underfull \hbox (badness 10000) in paragraph at lines 68--69
[]\OT1/pplx/m/n/12 Sebastien
 []


Underfull \hbox (badness 10000) in paragraph at lines 71--72
[]\OT1/pplx/m/n/12 Zoom
 []


Underfull \hbox (badness 10000) in paragraph at lines 77--78
[]\OT1/pplx/m/n/12 Zoom
 []


Underfull \hbox (badness 10000) in paragraph at lines 80--81
[]\OT1/pplx/m/n/12 Daisuke
 []


Underfull \hbox (badness 2818) in paragraph at lines 81--83
[]\OT1/pplx/m/n/12 Chemical and Tox-i-co-log-i-cal Im-pli-ca-tions to
 []


Underfull \hbox (badness 10000) in paragraph at lines 83--84
[]\OT1/pplx/m/n/12 Zoom
 []


Underfull \hbox (badness 10000) in paragraph at lines 86--87
[]\OT1/pplx/m/n/12 Andr[]es
 []


Underfull \hbox (badness 10000) in paragraph at lines 89--90
[]\OT1/pplx/m/n/12 Zoom
 []


Underfull \hbox (badness 10000) in paragraph at lines 95--96
[]\OT1/pplx/m/n/12 Zoom
 []


Underfull \hbox (badness 10000) in paragraph at lines 101--102
[]\OT1/pplx/m/n/12 Zoom
 []

[1

{/var/lib/texmf/fonts/map/pdftex/updmap/pdftex.map}]
(./WuT_seminar_HeSe2021.aux) ) 
Here is how much of TeX's memory you used:
 1247 strings out of 478599
 19670 string characters out of 5856635
 328180 words of memory out of 5000000
 19154 multiletter control sequences out of 15000+600000
 415471 words of font info for 55 fonts, out of 8000000 for 9000
 1141 hyphenation exceptions out of 8191
 57i,9n,66p,251b,129s stack positions out of 5000i,500n,10000p,200000b,80000s
{/usr/share/texlive/texmf-dist/fonts/enc/dvips/ba
se/8r.enc}</usr/share/texlive/texmf-dist/fonts/type1/urw/palatino/uplb8a.pfb></
usr/share/texlive/texmf-dist/fonts/type1/urw/palatino/uplr8a.pfb>
Output written on WuT_seminar_HeSe2021.pdf (1 page, 36901 bytes).
PDF statistics:
 19 PDF objects out of 1000 (max. 8388607)
 11 compressed objects within 1 object stream
 0 named destinations out of 1000 (max. 500000)
 1 words of extra memory for PDF output out of 10000 (max. 10000000)

